<?xml version="1.0" encoding="UTF-8"?>
<testng-results skipped="0" failed="0" ignored="0" total="3" passed="3">
  <reporter-output>
  </reporter-output>
  <suite name="Default Suite" duration-ms="26749" started-at="2022-01-26T17:41:26 ICT" finished-at="2022-01-26T17:41:53 ICT">
    <groups>
    </groups>
    <test name="start" duration-ms="26749" started-at="2022-01-26T17:41:26 ICT" finished-at="2022-01-26T17:41:53 ICT">
      <class name="Form">
        <test-method status="PASS" signature="testcase1()[pri:0, instance:Form@1e7c7811]" name="testcase1" duration-ms="26587" started-at="2022-01-26T17:41:26 ICT" finished-at="2022-01-26T17:41:53 ICT">
          <reporter-output>
          </reporter-output>
        </test-method> <!-- testcase1 -->
        <test-method status="PASS" signature="testcase2()[pri:0, instance:Form@1e7c7811]" name="testcase2" duration-ms="1" started-at="2022-01-26T17:41:53 ICT" finished-at="2022-01-26T17:41:53 ICT">
          <reporter-output>
          </reporter-output>
        </test-method> <!-- testcase2 -->
        <test-method status="PASS" signature="testcase3()[pri:0, instance:Form@1e7c7811]" name="testcase3" duration-ms="0" started-at="2022-01-26T17:41:53 ICT" finished-at="2022-01-26T17:41:53 ICT">
          <reporter-output>
          </reporter-output>
        </test-method> <!-- testcase3 -->
      </class> <!-- Form -->
    </test> <!-- start -->
  </suite> <!-- Default Suite -->
</testng-results>
